<?xml version="1.0" encoding="UTF-8"?>
<testng-results ignored="0" total="6" passed="5" failed="1" skipped="0">
  <reporter-output>
  </reporter-output>
  <suite started-at="2025-03-21T09:01:14 CET" name="Surefire suite" finished-at="2025-03-21T09:03:58 CET" duration-ms="163632">
    <groups>
    </groups>
    <test started-at="2025-03-21T09:01:14 CET" name="Surefire test" finished-at="2025-03-21T09:03:58 CET" duration-ms="163632">
      <class name="tests.PlaceOrderWatchesTest">
        <test-method is-config="true" signature="setUp(org.testng.ITestContext)[pri:0, instance:tests.PlaceOrderWatchesTest@1cbbffcd]" started-at="2025-03-21T09:02:12 CET" name="setUp" finished-at="2025-03-21T09:02:12 CET" duration-ms="720" status="PASS">
          <params>
            <param index="0">
              <value>
                <![CDATA[org.testng.TestRunner@2f471037]]>
              </value>
            </param>
          </params>
          <reporter-output>
          </reporter-output>
        </test-method> <!-- setUp -->
        <test-method is-config="true" signature="setUp()[pri:0, instance:tests.PlaceOrderWatchesTest@1cbbffcd]" started-at="2025-03-21T09:02:12 CET" name="setUp" finished-at="2025-03-21T09:02:12 CET" duration-ms="1" status="PASS">
          <reporter-output>
          </reporter-output>
        </test-method> <!-- setUp -->
        <test-method signature="testPlaceOrderWatches()[pri:0, instance:tests.PlaceOrderWatchesTest@1cbbffcd]" started-at="2025-03-21T09:02:12 CET" name="testPlaceOrderWatches" finished-at="2025-03-21T09:02:45 CET" duration-ms="32175" status="PASS">
          <reporter-output>
          </reporter-output>
        </test-method> <!-- testPlaceOrderWatches -->
        <test-method is-config="true" signature="getResult(org.testng.ITestResult)[pri:0, instance:tests.PlaceOrderWatchesTest@1cbbffcd]" started-at="2025-03-21T09:02:45 CET" name="getResult" finished-at="2025-03-21T09:02:45 CET" duration-ms="1" status="PASS">
          <params>
            <param index="0">
              <value>
                <![CDATA[[TestResult name=testPlaceOrderWatches status=SUCCESS method=PlaceOrderWatchesTest.testPlaceOrderWatches()[pri:0, instance:tests.PlaceOrderWatchesTest@1cbbffcd] output={null}]]]>
              </value>
            </param>
          </params>
          <reporter-output>
          </reporter-output>
        </test-method> <!-- getResult -->
        <test-method is-config="true" signature="tearDown()[pri:0, instance:tests.PlaceOrderWatchesTest@1cbbffcd]" started-at="2025-03-21T09:02:45 CET" name="tearDown" finished-at="2025-03-21T09:02:47 CET" duration-ms="2444" status="PASS">
          <reporter-output>
          </reporter-output>
        </test-method> <!-- tearDown -->
      </class> <!-- tests.PlaceOrderWatchesTest -->
      <class name="tests.PlaceOrderWomenTest">
        <test-method is-config="true" signature="setUp(org.testng.ITestContext)[pri:0, instance:tests.PlaceOrderWomenTest@27ce24aa]" started-at="2025-03-21T09:02:47 CET" name="setUp" finished-at="2025-03-21T09:02:48 CET" duration-ms="671" status="PASS">
          <params>
            <param index="0">
              <value>
                <![CDATA[org.testng.TestRunner@2f471037]]>
              </value>
            </param>
          </params>
          <reporter-output>
          </reporter-output>
        </test-method> <!-- setUp -->
        <test-method signature="testPlaceOrderWomen()[pri:0, instance:tests.PlaceOrderWomenTest@27ce24aa]" started-at="2025-03-21T09:02:48 CET" name="testPlaceOrderWomen" finished-at="2025-03-21T09:03:14 CET" duration-ms="26442" status="PASS">
          <reporter-output>
          </reporter-output>
        </test-method> <!-- testPlaceOrderWomen -->
        <test-method is-config="true" signature="setUp()[pri:0, instance:tests.PlaceOrderWomenTest@27ce24aa]" started-at="2025-03-21T09:02:48 CET" name="setUp" finished-at="2025-03-21T09:02:48 CET" duration-ms="0" status="PASS">
          <reporter-output>
          </reporter-output>
        </test-method> <!-- setUp -->
        <test-method is-config="true" signature="getResult(org.testng.ITestResult)[pri:0, instance:tests.PlaceOrderWomenTest@27ce24aa]" started-at="2025-03-21T09:03:14 CET" name="getResult" finished-at="2025-03-21T09:03:14 CET" duration-ms="0" status="PASS">
          <params>
            <param index="0">
              <value>
                <![CDATA[[TestResult name=testPlaceOrderWomen status=SUCCESS method=PlaceOrderWomenTest.testPlaceOrderWomen()[pri:0, instance:tests.PlaceOrderWomenTest@27ce24aa] output={null}]]]>
              </value>
            </param>
          </params>
          <reporter-output>
          </reporter-output>
        </test-method> <!-- getResult -->
        <test-method is-config="true" signature="tearDown()[pri:0, instance:tests.PlaceOrderWomenTest@27ce24aa]" started-at="2025-03-21T09:03:14 CET" name="tearDown" finished-at="2025-03-21T09:03:17 CET" duration-ms="2443" status="PASS">
          <reporter-output>
          </reporter-output>
        </test-method> <!-- tearDown -->
      </class> <!-- tests.PlaceOrderWomenTest -->
      <class name="tests.ExternalAPIInteractionTest">
        <test-method is-config="true" signature="setUp(org.testng.ITestContext)[pri:0, instance:tests.ExternalAPIInteractionTest@3daa422a]" started-at="2025-03-21T09:01:28 CET" name="setUp" finished-at="2025-03-21T09:01:29 CET" duration-ms="784" status="PASS">
          <params>
            <param index="0">
              <value>
                <![CDATA[org.testng.TestRunner@2f471037]]>
              </value>
            </param>
          </params>
          <reporter-output>
          </reporter-output>
        </test-method> <!-- setUp -->
        <test-method is-config="true" signature="setUp()[pri:0, instance:tests.ExternalAPIInteractionTest@3daa422a]" started-at="2025-03-21T09:01:29 CET" name="setUp" finished-at="2025-03-21T09:01:29 CET" duration-ms="2" status="PASS">
          <reporter-output>
          </reporter-output>
        </test-method> <!-- setUp -->
        <test-method signature="testMagentoDemoSite()[pri:0, instance:tests.ExternalAPIInteractionTest@3daa422a]" started-at="2025-03-21T09:01:29 CET" name="testMagentoDemoSite" finished-at="2025-03-21T09:01:39 CET" duration-ms="10223" status="PASS">
          <reporter-output>
          </reporter-output>
        </test-method> <!-- testMagentoDemoSite -->
        <test-method is-config="true" signature="getResult(org.testng.ITestResult)[pri:0, instance:tests.ExternalAPIInteractionTest@3daa422a]" started-at="2025-03-21T09:01:39 CET" name="getResult" finished-at="2025-03-21T09:01:39 CET" duration-ms="1" status="PASS">
          <params>
            <param index="0">
              <value>
                <![CDATA[[TestResult name=testMagentoDemoSite status=SUCCESS method=ExternalAPIInteractionTest.testMagentoDemoSite()[pri:0, instance:tests.ExternalAPIInteractionTest@3daa422a] output={null}]]]>
              </value>
            </param>
          </params>
          <reporter-output>
          </reporter-output>
        </test-method> <!-- getResult -->
        <test-method is-config="true" signature="tearDown()[pri:0, instance:tests.ExternalAPIInteractionTest@3daa422a]" started-at="2025-03-21T09:01:39 CET" name="tearDown" finished-at="2025-03-21T09:01:42 CET" duration-ms="2403" status="PASS">
          <reporter-output>
          </reporter-output>
        </test-method> <!-- tearDown -->
      </class> <!-- tests.ExternalAPIInteractionTest -->
      <class name="tests.SubmitReviewTest">
        <test-method is-config="true" signature="setUp(org.testng.ITestContext)[pri:0, instance:tests.SubmitReviewTest@481a996b]" started-at="2025-03-21T09:03:17 CET" name="setUp" finished-at="2025-03-21T09:03:18 CET" duration-ms="1106" status="PASS">
          <params>
            <param index="0">
              <value>
                <![CDATA[org.testng.TestRunner@2f471037]]>
              </value>
            </param>
          </params>
          <reporter-output>
          </reporter-output>
        </test-method> <!-- setUp -->
        <test-method signature="testSubmitReview()[pri:0, instance:tests.SubmitReviewTest@481a996b]" started-at="2025-03-21T09:03:18 CET" name="testSubmitReview" finished-at="2025-03-21T09:03:55 CET" duration-ms="37189" status="FAIL">
          <exception class="org.openqa.selenium.TimeoutException">
            <message>
              <![CDATA[Expected condition failed: waiting for visibility of element located by By.xpath: //a[@href='https://magento.softwaretestingboard.com/men/tops-men.html'] (tried for 10 second(s) with 500 milliseconds interval)
Build info: version: '4.28.1', revision: '73f5ad48a2'
System info: os.name: 'Windows 11', os.arch: 'amd64', os.version: '10.0', java.version: '21.0.1'
Driver info: org.openqa.selenium.chrome.ChromeDriver
Capabilities {acceptInsecureCerts: true, browserName: chrome, browserVersion: 124.0.6367.202, chrome: {chromedriverVersion: 124.0.6367.207 (a9001a6e39f..., userDataDir: C:\Users\SHWETH~1\AppData\L...}, fedcm:accounts: true, goog:chromeOptions: {debuggerAddress: localhost:52117}, networkConnectionEnabled: false, pageLoadStrategy: normal, platformName: windows, proxy: Proxy(manual, http=Shwetha:..., se:cdp: ws://localhost:52117/devtoo..., se:cdpVersion: 124.0.6367.202, setWindowRect: true, strictFileInteractability: false, timeouts: {implicit: 0, pageLoad: 300000, script: 30000}, unhandledPromptBehavior: dismiss and notify, webauthn:extension:credBlob: true, webauthn:extension:largeBlob: true, webauthn:extension:minPinLength: true, webauthn:extension:prf: true, webauthn:virtualAuthenticators: true}
Session ID: 3a0c1f614ed894efb65dbb56c2a977be]]>
            </message>
            <full-stacktrace>
              <![CDATA[org.openqa.selenium.TimeoutException: Expected condition failed: waiting for visibility of element located by By.xpath: //a[@href='https://magento.softwaretestingboard.com/men/tops-men.html'] (tried for 10 second(s) with 500 milliseconds interval)
Build info: version: '4.28.1', revision: '73f5ad48a2'
System info: os.name: 'Windows 11', os.arch: 'amd64', os.version: '10.0', java.version: '21.0.1'
Driver info: org.openqa.selenium.chrome.ChromeDriver
Capabilities {acceptInsecureCerts: true, browserName: chrome, browserVersion: 124.0.6367.202, chrome: {chromedriverVersion: 124.0.6367.207 (a9001a6e39f..., userDataDir: C:\Users\SHWETH~1\AppData\L...}, fedcm:accounts: true, goog:chromeOptions: {debuggerAddress: localhost:52117}, networkConnectionEnabled: false, pageLoadStrategy: normal, platformName: windows, proxy: Proxy(manual, http=Shwetha:..., se:cdp: ws://localhost:52117/devtoo..., se:cdpVersion: 124.0.6367.202, setWindowRect: true, strictFileInteractability: false, timeouts: {implicit: 0, pageLoad: 300000, script: 30000}, unhandledPromptBehavior: dismiss and notify, webauthn:extension:credBlob: true, webauthn:extension:largeBlob: true, webauthn:extension:minPinLength: true, webauthn:extension:prf: true, webauthn:virtualAuthenticators: true}
Session ID: 3a0c1f614ed894efb65dbb56c2a977be
at org.openqa.selenium.support.ui.WebDriverWait.timeoutException(WebDriverWait.java:84)
at org.openqa.selenium.support.ui.FluentWait.until(FluentWait.java:228)
at pages.MenPage.navigateToHoodiesAndSweatshirtsMen(MenPage.java:41)
at tests.SubmitReviewTest.testSubmitReview(SubmitReviewTest.java:45)
at java.base/jdk.internal.reflect.DirectMethodHandleAccessor.invoke(DirectMethodHandleAccessor.java:103)
at java.base/java.lang.reflect.Method.invoke(Method.java:580)
at org.testng.internal.invokers.MethodInvocationHelper.invokeMethod(MethodInvocationHelper.java:141)
at org.testng.internal.invokers.TestInvoker.invokeMethod(TestInvoker.java:686)
at org.testng.internal.invokers.TestInvoker.invokeTestMethod(TestInvoker.java:230)
at org.testng.internal.invokers.MethodRunner.runInSequence(MethodRunner.java:63)
at org.testng.internal.invokers.TestInvoker$MethodInvocationAgent.invoke(TestInvoker.java:992)
at org.testng.internal.invokers.TestInvoker.invokeTestMethods(TestInvoker.java:203)
at org.testng.internal.invokers.TestMethodWorker.invokeTestMethods(TestMethodWorker.java:154)
at org.testng.internal.invokers.TestMethodWorker.run(TestMethodWorker.java:134)
at java.base/java.util.ArrayList.forEach(ArrayList.java:1596)
at org.testng.TestRunner.privateRun(TestRunner.java:739)
at org.testng.TestRunner.run(TestRunner.java:614)
at org.testng.SuiteRunner.runTest(SuiteRunner.java:421)
at org.testng.SuiteRunner.runSequentially(SuiteRunner.java:413)
at org.testng.SuiteRunner.privateRun(SuiteRunner.java:373)
at org.testng.SuiteRunner.run(SuiteRunner.java:312)
at org.testng.SuiteRunnerWorker.runSuite(SuiteRunnerWorker.java:52)
at org.testng.SuiteRunnerWorker.run(SuiteRunnerWorker.java:95)
at org.testng.TestNG.runSuitesSequentially(TestNG.java:1274)
at org.testng.TestNG.runSuitesLocally(TestNG.java:1208)
at org.testng.TestNG.runSuites(TestNG.java:1112)
at org.testng.TestNG.run(TestNG.java:1079)
at org.apache.maven.surefire.testng.TestNGExecutor.run(TestNGExecutor.java:155)
at org.apache.maven.surefire.testng.TestNGDirectoryTestSuite.executeMulti(TestNGDirectoryTestSuite.java:169)
at org.apache.maven.surefire.testng.TestNGDirectoryTestSuite.execute(TestNGDirectoryTestSuite.java:88)
at org.apache.maven.surefire.testng.TestNGProvider.invoke(TestNGProvider.java:137)
at org.apache.maven.surefire.booter.ForkedBooter.runSuitesInProcess(ForkedBooter.java:385)
at org.apache.maven.surefire.booter.ForkedBooter.execute(ForkedBooter.java:162)
at org.apache.maven.surefire.booter.ForkedBooter.run(ForkedBooter.java:507)
at org.apache.maven.surefire.booter.ForkedBooter.main(ForkedBooter.java:495)
]]>
            </full-stacktrace>
          </exception> <!-- org.openqa.selenium.TimeoutException -->
          <reporter-output>
          </reporter-output>
        </test-method> <!-- testSubmitReview -->
        <test-method is-config="true" signature="setUp()[pri:0, instance:tests.SubmitReviewTest@481a996b]" started-at="2025-03-21T09:03:18 CET" name="setUp" finished-at="2025-03-21T09:03:18 CET" duration-ms="0" status="PASS">
          <reporter-output>
          </reporter-output>
        </test-method> <!-- setUp -->
        <test-method is-config="true" signature="getResult(org.testng.ITestResult)[pri:0, instance:tests.SubmitReviewTest@481a996b]" started-at="2025-03-21T09:03:55 CET" name="getResult" finished-at="2025-03-21T09:03:55 CET" duration-ms="150" status="PASS">
          <params>
            <param index="0">
              <value>
                <![CDATA[[TestResult name=testSubmitReview status=FAILURE method=SubmitReviewTest.testSubmitReview()[pri:0, instance:tests.SubmitReviewTest@481a996b] output={null}]]]>
              </value>
            </param>
          </params>
          <reporter-output>
          </reporter-output>
        </test-method> <!-- getResult -->
        <test-method is-config="true" signature="tearDown()[pri:0, instance:tests.SubmitReviewTest@481a996b]" started-at="2025-03-21T09:03:55 CET" name="tearDown" finished-at="2025-03-21T09:03:58 CET" duration-ms="2430" status="PASS">
          <reporter-output>
          </reporter-output>
        </test-method> <!-- tearDown -->
      </class> <!-- tests.SubmitReviewTest -->
      <class name="tests.InvalidLoginTest">
        <test-method is-config="true" signature="setUp(org.testng.ITestContext)[pri:0, instance:tests.InvalidLoginTest@31c88ec8]" started-at="2025-03-21T09:01:42 CET" name="setUp" finished-at="2025-03-21T09:01:42 CET" duration-ms="693" status="PASS">
          <params>
            <param index="0">
              <value>
                <![CDATA[org.testng.TestRunner@2f471037]]>
              </value>
            </param>
          </params>
          <reporter-output>
          </reporter-output>
        </test-method> <!-- setUp -->
        <test-method is-config="true" signature="setUp()[pri:0, instance:tests.InvalidLoginTest@31c88ec8]" started-at="2025-03-21T09:01:42 CET" name="setUp" finished-at="2025-03-21T09:01:42 CET" duration-ms="2" status="PASS">
          <reporter-output>
          </reporter-output>
        </test-method> <!-- setUp -->
        <test-method signature="testInvalidLogin()[pri:0, instance:tests.InvalidLoginTest@31c88ec8]" started-at="2025-03-21T09:01:42 CET" name="testInvalidLogin" finished-at="2025-03-21T09:02:09 CET" duration-ms="27057" status="PASS">
          <reporter-output>
          </reporter-output>
        </test-method> <!-- testInvalidLogin -->
        <test-method is-config="true" signature="tearDown()[pri:0, instance:tests.InvalidLoginTest@31c88ec8]" started-at="2025-03-21T09:02:09 CET" name="tearDown" finished-at="2025-03-21T09:02:12 CET" duration-ms="2405" status="PASS">
          <reporter-output>
          </reporter-output>
        </test-method> <!-- tearDown -->
        <test-method is-config="true" signature="getResult(org.testng.ITestResult)[pri:0, instance:tests.InvalidLoginTest@31c88ec8]" started-at="2025-03-21T09:02:09 CET" name="getResult" finished-at="2025-03-21T09:02:09 CET" duration-ms="0" status="PASS">
          <params>
            <param index="0">
              <value>
                <![CDATA[[TestResult name=testInvalidLogin status=SUCCESS method=InvalidLoginTest.testInvalidLogin()[pri:0, instance:tests.InvalidLoginTest@31c88ec8] output={null}]]]>
              </value>
            </param>
          </params>
          <reporter-output>
          </reporter-output>
        </test-method> <!-- getResult -->
      </class> <!-- tests.InvalidLoginTest -->
      <class name="tests.CreateAccountExistingMailIDTest">
        <test-method is-config="true" signature="setUp1()[pri:0, instance:tests.CreateAccountExistingMailIDTest@3d74bf60]" started-at="2025-03-21T09:01:14 CET" name="setUp1" finished-at="2025-03-21T09:01:14 CET" duration-ms="235" status="PASS">
          <reporter-output>
          </reporter-output>
        </test-method> <!-- setUp1 -->
        <test-method is-config="true" signature="BT()[pri:0, instance:tests.CreateAccountExistingMailIDTest@3d74bf60]" started-at="2025-03-21T09:01:14 CET" name="BT" finished-at="2025-03-21T09:01:14 CET" duration-ms="1" status="PASS">
          <reporter-output>
          </reporter-output>
        </test-method> <!-- BT -->
        <test-method is-config="true" signature="setUp(org.testng.ITestContext)[pri:0, instance:tests.CreateAccountExistingMailIDTest@3d74bf60]" started-at="2025-03-21T09:01:14 CET" name="setUp" finished-at="2025-03-21T09:01:17 CET" duration-ms="2511" status="PASS">
          <params>
            <param index="0">
              <value>
                <![CDATA[org.testng.TestRunner@2f471037]]>
              </value>
            </param>
          </params>
          <reporter-output>
          </reporter-output>
        </test-method> <!-- setUp -->
        <test-method is-config="true" signature="setUp()[pri:0, instance:tests.CreateAccountExistingMailIDTest@3d74bf60]" started-at="2025-03-21T09:01:17 CET" name="setUp" finished-at="2025-03-21T09:01:17 CET" duration-ms="1" status="PASS">
          <reporter-output>
          </reporter-output>
        </test-method> <!-- setUp -->
        <test-method signature="testExistingEmailErrorMessage()[pri:0, instance:tests.CreateAccountExistingMailIDTest@3d74bf60]" started-at="2025-03-21T09:01:17 CET" name="testExistingEmailErrorMessage" finished-at="2025-03-21T09:01:26 CET" duration-ms="9179" status="PASS">
          <reporter-output>
          </reporter-output>
        </test-method> <!-- testExistingEmailErrorMessage -->
        <test-method is-config="true" signature="getResult(org.testng.ITestResult)[pri:0, instance:tests.CreateAccountExistingMailIDTest@3d74bf60]" started-at="2025-03-21T09:01:26 CET" name="getResult" finished-at="2025-03-21T09:01:26 CET" duration-ms="1" status="PASS">
          <params>
            <param index="0">
              <value>
                <![CDATA[[TestResult name=testExistingEmailErrorMessage status=SUCCESS method=CreateAccountExistingMailIDTest.testExistingEmailErrorMessage()[pri:0, instance:tests.CreateAccountExistingMailIDTest@3d74bf60] output={null}]]]>
              </value>
            </param>
          </params>
          <reporter-output>
          </reporter-output>
        </test-method> <!-- getResult -->
        <test-method is-config="true" signature="tearDown()[pri:0, instance:tests.CreateAccountExistingMailIDTest@3d74bf60]" started-at="2025-03-21T09:01:26 CET" name="tearDown" finished-at="2025-03-21T09:01:28 CET" duration-ms="2413" status="PASS">
          <reporter-output>
          </reporter-output>
        </test-method> <!-- tearDown -->
        <test-method is-config="true" signature="AT()[pri:0, instance:tests.CreateAccountExistingMailIDTest@3d74bf60]" started-at="2025-03-21T09:03:58 CET" name="AT" finished-at="2025-03-21T09:03:58 CET" duration-ms="0" status="PASS">
          <reporter-output>
          </reporter-output>
        </test-method> <!-- AT -->
        <test-method is-config="true" signature="AS()[pri:0, instance:tests.CreateAccountExistingMailIDTest@3d74bf60]" started-at="2025-03-21T09:03:58 CET" name="AS" finished-at="2025-03-21T09:03:58 CET" duration-ms="10" status="PASS">
          <reporter-output>
          </reporter-output>
        </test-method> <!-- AS -->
      </class> <!-- tests.CreateAccountExistingMailIDTest -->
    </test> <!-- Surefire test -->
  </suite> <!-- Surefire suite -->
</testng-results>
